<?xml version="1.0" encoding="UTF-8"?>
<!-- Generated by org.testng.reporters.JUnitReportReporter -->
<testsuite hostname="CherryBlossom" failures="0" tests="1" name="testing.GoogleSearchTest" time="11.736" errors="0" timestamp="2023-04-03T18:44:31 IST" skipped="0">
  <testcase classname="testing.GoogleSearchTest" name="googleSearchTest" time="11.736"/>
  <system-out/>
</testsuite> <!-- testing.GoogleSearchTest -->
